<?xml version="1.0" encoding="UTF-8"?>
<testsuite xmlns:xsi="http://www.w3.org/2001/XMLSchema-instance" xsi:noNamespaceSchemaLocation="https://maven.apache.org/surefire/maven-surefire-plugin/xsd/surefire-test-report-3.0.xsd" version="3.0" name="org.acme.integracaoarquivo.MyApplicationTest" time="0.222" tests="1" errors="1" skipped="0" failures="0">
  <properties>
    <property name="java.specification.version" value="17"/>
    <property name="sun.cpu.isalist" value="amd64"/>
    <property name="sun.jnu.encoding" value="Cp1252"/>
    <property name="java.class.path" value="C:\Users\alexb\OneDrive\Área de Trabalho\Curso apache camel\integracao-arquivo\target\test-classes;C:\Users\alexb\OneDrive\Área de Trabalho\Curso apache camel\integracao-arquivo\target\classes;C:\Users\alexb\.m2\repository\org\apache\camel\camel-core-engine\3.20.0\camel-core-engine-3.20.0.jar;C:\Users\alexb\.m2\repository\org\apache\camel\camel-api\3.20.0\camel-api-3.20.0.jar;C:\Users\alexb\.m2\repository\jakarta\xml\bind\jakarta.xml.bind-api\2.3.3\jakarta.xml.bind-api-2.3.3.jar;C:\Users\alexb\.m2\repository\jakarta\activation\jakarta.activation-api\1.2.2\jakarta.activation-api-1.2.2.jar;C:\Users\alexb\.m2\repository\org\apache\camel\camel-base-engine\3.20.0\camel-base-engine-3.20.0.jar;C:\Users\alexb\.m2\repository\org\apache\camel\camel-core-reifier\3.20.0\camel-core-reifier-3.20.0.jar;C:\Users\alexb\.m2\repository\org\apache\camel\camel-core-model\3.20.0\camel-core-model-3.20.0.jar;C:\Users\alexb\.m2\repository\org\apache\camel\camel-core-processor\3.20.0\camel-core-processor-3.20.0.jar;C:\Users\alexb\.m2\repository\org\apache\camel\camel-management-api\3.20.0\camel-management-api-3.20.0.jar;C:\Users\alexb\.m2\repository\org\apache\camel\camel-support\3.20.0\camel-support-3.20.0.jar;C:\Users\alexb\.m2\repository\org\apache\camel\camel-util\3.20.0\camel-util-3.20.0.jar;C:\Users\alexb\.m2\repository\org\apache\camel\camel-main\3.20.0\camel-main-3.20.0.jar;C:\Users\alexb\.m2\repository\org\apache\camel\camel-base\3.20.0\camel-base-3.20.0.jar;C:\Users\alexb\.m2\repository\org\apache\camel\camel-core-languages\3.20.0\camel-core-languages-3.20.0.jar;C:\Users\alexb\.m2\repository\org\apache\camel\camel-bean\3.20.0\camel-bean-3.20.0.jar;C:\Users\alexb\.m2\repository\org\apache\camel\camel-log\3.20.0\camel-log-3.20.0.jar;C:\Users\alexb\.m2\repository\org\apache\camel\camel-timer\3.20.0\camel-timer-3.20.0.jar;C:\Users\alexb\.m2\repository\org\apache\camel\camel-test-main-junit5\3.20.0\camel-test-main-junit5-3.20.0.jar;C:\Users\alexb\.m2\repository\org\apache\camel\camel-test-junit5\3.20.0\camel-test-junit5-3.20.0.jar;C:\Users\alexb\.m2\repository\org\apache\camel\camel-browse\3.20.0\camel-browse-3.20.0.jar;C:\Users\alexb\.m2\repository\org\apache\camel\camel-controlbus\3.20.0\camel-controlbus-3.20.0.jar;C:\Users\alexb\.m2\repository\org\apache\camel\camel-dataformat\3.20.0\camel-dataformat-3.20.0.jar;C:\Users\alexb\.m2\repository\org\apache\camel\camel-dataset\3.20.0\camel-dataset-3.20.0.jar;C:\Users\alexb\.m2\repository\org\apache\camel\camel-directvm\3.20.0\camel-directvm-3.20.0.jar;C:\Users\alexb\.m2\repository\org\apache\camel\camel-language\3.20.0\camel-language-3.20.0.jar;C:\Users\alexb\.m2\repository\org\apache\camel\camel-mock\3.20.0\camel-mock-3.20.0.jar;C:\Users\alexb\.m2\repository\org\apache\camel\camel-ref\3.20.0\camel-ref-3.20.0.jar;C:\Users\alexb\.m2\repository\org\apache\camel\camel-saga\3.20.0\camel-saga-3.20.0.jar;C:\Users\alexb\.m2\repository\org\apache\camel\camel-scheduler\3.20.0\camel-scheduler-3.20.0.jar;C:\Users\alexb\.m2\repository\org\apache\camel\camel-seda\3.20.0\camel-seda-3.20.0.jar;C:\Users\alexb\.m2\repository\org\apache\camel\camel-stub\3.20.0\camel-stub-3.20.0.jar;C:\Users\alexb\.m2\repository\org\apache\camel\camel-validator\3.20.0\camel-validator-3.20.0.jar;C:\Users\alexb\.m2\repository\org\apache\camel\camel-vm\3.20.0\camel-vm-3.20.0.jar;C:\Users\alexb\.m2\repository\org\apache\camel\camel-xslt\3.20.0\camel-xslt-3.20.0.jar;C:\Users\alexb\.m2\repository\org\junit\jupiter\junit-jupiter-api\5.9.1\junit-jupiter-api-5.9.1.jar;C:\Users\alexb\.m2\repository\org\opentest4j\opentest4j\1.2.0\opentest4j-1.2.0.jar;C:\Users\alexb\.m2\repository\org\junit\platform\junit-platform-commons\1.9.1\junit-platform-commons-1.9.1.jar;C:\Users\alexb\.m2\repository\org\apiguardian\apiguardian-api\1.1.2\apiguardian-api-1.1.2.jar;C:\Users\alexb\.m2\repository\org\junit\jupiter\junit-jupiter-engine\5.9.1\junit-jupiter-engine-5.9.1.jar;C:\Users\alexb\.m2\repository\org\junit\platform\junit-platform-engine\1.9.1\junit-platform-engine-1.9.1.jar;C:\Users\alexb\.m2\repository\org\junit\jupiter\junit-jupiter-params\5.9.1\junit-jupiter-params-5.9.1.jar;C:\Users\alexb\.m2\repository\org\apache\camel\camel-file\3.20.0\camel-file-3.20.0.jar;C:\Users\alexb\.m2\repository\org\apache\camel\camel-cluster\3.20.0\camel-cluster-3.20.0.jar;C:\Users\alexb\.m2\repository\org\apache\camel\camel-xpath\3.20.0\camel-xpath-3.20.0.jar;C:\Users\alexb\.m2\repository\org\apache\camel\camel-xml-jaxp\3.20.0\camel-xml-jaxp-3.20.0.jar;C:\Users\alexb\.m2\repository\org\apache\camel\camel-xml-io-util\3.20.0\camel-xml-io-util-3.20.0.jar;C:\Users\alexb\.m2\repository\org\apache\camel\camel-http\3.20.0\camel-http-3.20.0.jar;C:\Users\alexb\.m2\repository\org\apache\camel\camel-cloud\3.20.0\camel-cloud-3.20.0.jar;C:\Users\alexb\.m2\repository\org\apache\camel\camel-http-common\3.20.0\camel-http-common-3.20.0.jar;C:\Users\alexb\.m2\repository\org\apache\camel\camel-http-base\3.20.0\camel-http-base-3.20.0.jar;C:\Users\alexb\.m2\repository\org\apache\camel\camel-attachments\3.20.0\camel-attachments-3.20.0.jar;C:\Users\alexb\.m2\repository\com\sun\activation\javax.activation\1.2.0\javax.activation-1.2.0.jar;C:\Users\alexb\.m2\repository\javax\servlet\javax.servlet-api\3.1.0\javax.servlet-api-3.1.0.jar;C:\Users\alexb\.m2\repository\org\apache\httpcomponents\httpclient\4.5.13\httpclient-4.5.13.jar;C:\Users\alexb\.m2\repository\org\apache\httpcomponents\httpcore\4.4.13\httpcore-4.4.13.jar;C:\Users\alexb\.m2\repository\commons-logging\commons-logging\1.2\commons-logging-1.2.jar;C:\Users\alexb\.m2\repository\commons-codec\commons-codec\1.11\commons-codec-1.11.jar;C:\Users\alexb\.m2\repository\org\apache\logging\log4j\log4j-slf4j-impl\2.13.3\log4j-slf4j-impl-2.13.3.jar;C:\Users\alexb\.m2\repository\org\slf4j\slf4j-api\1.7.25\slf4j-api-1.7.25.jar;C:\Users\alexb\.m2\repository\org\apache\logging\log4j\log4j-api\2.13.3\log4j-api-2.13.3.jar;C:\Users\alexb\.m2\repository\org\apache\logging\log4j\log4j-core\2.13.3\log4j-core-2.13.3.jar;C:\Users\alexb\.m2\repository\org\apache\camel\camel-rest\3.20.0\camel-rest-3.20.0.jar;C:\Users\alexb\.m2\repository\org\apache\camel\camel-tooling-model\3.20.0\camel-tooling-model-3.20.0.jar;C:\Users\alexb\.m2\repository\org\apache\camel\camel-util-json\3.20.0\camel-util-json-3.20.0.jar;C:\Users\alexb\.m2\repository\org\apache\camel\camel-jetty\3.20.0\camel-jetty-3.20.0.jar;C:\Users\alexb\.m2\repository\org\apache\camel\camel-jetty-common\3.20.0\camel-jetty-common-3.20.0.jar;C:\Users\alexb\.m2\repository\org\eclipse\jetty\jetty-server\9.4.50.v20221201\jetty-server-9.4.50.v20221201.jar;C:\Users\alexb\.m2\repository\org\eclipse\jetty\jetty-http\9.4.50.v20221201\jetty-http-9.4.50.v20221201.jar;C:\Users\alexb\.m2\repository\org\eclipse\jetty\jetty-io\9.4.50.v20221201\jetty-io-9.4.50.v20221201.jar;C:\Users\alexb\.m2\repository\org\eclipse\jetty\jetty-servlet\9.4.50.v20221201\jetty-servlet-9.4.50.v20221201.jar;C:\Users\alexb\.m2\repository\org\eclipse\jetty\jetty-util-ajax\9.4.50.v20221201\jetty-util-ajax-9.4.50.v20221201.jar;C:\Users\alexb\.m2\repository\org\eclipse\jetty\jetty-security\9.4.50.v20221201\jetty-security-9.4.50.v20221201.jar;C:\Users\alexb\.m2\repository\org\eclipse\jetty\jetty-servlets\9.4.50.v20221201\jetty-servlets-9.4.50.v20221201.jar;C:\Users\alexb\.m2\repository\org\eclipse\jetty\jetty-continuation\9.4.50.v20221201\jetty-continuation-9.4.50.v20221201.jar;C:\Users\alexb\.m2\repository\org\eclipse\jetty\jetty-client\9.4.50.v20221201\jetty-client-9.4.50.v20221201.jar;C:\Users\alexb\.m2\repository\org\eclipse\jetty\jetty-jmx\9.4.50.v20221201\jetty-jmx-9.4.50.v20221201.jar;C:\Users\alexb\.m2\repository\org\eclipse\jetty\jetty-util\9.4.50.v20221201\jetty-util-9.4.50.v20221201.jar;C:\Users\alexb\.m2\repository\org\apache\camel\springboot\camel-direct-starter\3.20.0\camel-direct-starter-3.20.0.jar;C:\Users\alexb\.m2\repository\org\springframework\boot\spring-boot-starter\2.7.6\spring-boot-starter-2.7.6.jar;C:\Users\alexb\.m2\repository\org\springframework\boot\spring-boot\2.7.6\spring-boot-2.7.6.jar;C:\Users\alexb\.m2\repository\org\springframework\spring-context\5.3.24\spring-context-5.3.24.jar;C:\Users\alexb\.m2\repository\org\springframework\spring-aop\5.3.24\spring-aop-5.3.24.jar;C:\Users\alexb\.m2\repository\org\springframework\spring-beans\5.3.24\spring-beans-5.3.24.jar;C:\Users\alexb\.m2\repository\org\springframework\spring-expression\5.3.24\spring-expression-5.3.24.jar;C:\Users\alexb\.m2\repository\org\springframework\boot\spring-boot-autoconfigure\2.7.6\spring-boot-autoconfigure-2.7.6.jar;C:\Users\alexb\.m2\repository\org\springframework\boot\spring-boot-starter-logging\2.7.6\spring-boot-starter-logging-2.7.6.jar;C:\Users\alexb\.m2\repository\ch\qos\logback\logback-classic\1.2.11\logback-classic-1.2.11.jar;C:\Users\alexb\.m2\repository\ch\qos\logback\logback-core\1.2.11\logback-core-1.2.11.jar;C:\Users\alexb\.m2\repository\org\apache\logging\log4j\log4j-to-slf4j\2.17.2\log4j-to-slf4j-2.17.2.jar;C:\Users\alexb\.m2\repository\org\slf4j\jul-to-slf4j\1.7.36\jul-to-slf4j-1.7.36.jar;C:\Users\alexb\.m2\repository\jakarta\annotation\jakarta.annotation-api\1.3.5\jakarta.annotation-api-1.3.5.jar;C:\Users\alexb\.m2\repository\org\springframework\spring-core\5.3.24\spring-core-5.3.24.jar;C:\Users\alexb\.m2\repository\org\springframework\spring-jcl\5.3.24\spring-jcl-5.3.24.jar;C:\Users\alexb\.m2\repository\org\yaml\snakeyaml\1.30\snakeyaml-1.30.jar;C:\Users\alexb\.m2\repository\org\apache\camel\camel-direct\3.20.0\camel-direct-3.20.0.jar;C:\Users\alexb\.m2\repository\org\apache\camel\springboot\camel-core-starter\3.20.0\camel-core-starter-3.20.0.jar;C:\Users\alexb\.m2\repository\org\apache\camel\springboot\camel-spring-boot\3.20.0\camel-spring-boot-3.20.0.jar;C:\Users\alexb\.m2\repository\org\apache\camel\camel-spring\3.20.0\camel-spring-3.20.0.jar;C:\Users\alexb\.m2\repository\org\springframework\spring-tx\5.3.24\spring-tx-5.3.24.jar;C:\Users\alexb\.m2\repository\org\apache\camel\camel-spring-main\3.20.0\camel-spring-main-3.20.0.jar;C:\Users\alexb\.m2\repository\org\apache\camel\camel-xml-jaxb-dsl\3.20.0\camel-xml-jaxb-dsl-3.20.0.jar;C:\Users\alexb\.m2\repository\org\apache\camel\camel-xml-jaxb\3.20.0\camel-xml-jaxb-3.20.0.jar;C:\Users\alexb\.m2\repository\com\sun\xml\bind\jaxb-core\2.3.0\jaxb-core-2.3.0.jar;C:\Users\alexb\.m2\repository\com\sun\xml\bind\jaxb-impl\2.3.3\jaxb-impl-2.3.3.jar;C:\Users\alexb\.m2\repository\com\sun\activation\jakarta.activation\1.2.2\jakarta.activation-1.2.2.jar;C:\Users\alexb\.m2\repository\org\apache\camel\camel-dsl-support\3.20.0\camel-dsl-support-3.20.0.jar;C:\Users\alexb\.m2\repository\org\apache\camel\camel-spring-xml\3.20.0\camel-spring-xml-3.20.0.jar;C:\Users\alexb\.m2\repository\org\apache\camel\camel-core-xml\3.20.0\camel-core-xml-3.20.0.jar;C:\Users\alexb\.m2\repository\javax\annotation\javax.annotation-api\1.3.2\javax.annotation-api-1.3.2.jar;C:\Users\alexb\.m2\repository\org\apache\camel\camel-health\3.20.0\camel-health-3.20.0.jar;"/>
    <property name="java.vm.vendor" value="Eclipse Adoptium"/>
    <property name="sun.arch.data.model" value="64"/>
    <property name="user.variant" value=""/>
    <property name="java.vendor.url" value="https://adoptium.net/"/>
    <property name="user.timezone" value="America/Sao_Paulo"/>
    <property name="os.name" value="Windows 10"/>
    <property name="java.vm.specification.version" value="17"/>
    <property name="sun.java.launcher" value="SUN_STANDARD"/>
    <property name="user.country" value="BR"/>
    <property name="sun.boot.library.path" value="C:\SpringToolSuite\sts-4.17.0.RELEASE\plugins\org.eclipse.justj.openjdk.hotspot.jre.full.win32.x86_64_17.0.5.v20221102-0933\jre\bin"/>
    <property name="sun.java.command" value="C:\Users\alexb\AppData\Local\Temp\surefire10489819378693814561\surefirebooter2190037636748322738.jar C:\Users\alexb\AppData\Local\Temp\surefire10489819378693814561 2023-11-06T17-52-46_470-jvmRun1 surefire12940391595976722920tmp surefire_06396232122200774587tmp"/>
    <property name="jdk.debug" value="release"/>
    <property name="surefire.test.class.path" value="C:\Users\alexb\OneDrive\Área de Trabalho\Curso apache camel\integracao-arquivo\target\test-classes;C:\Users\alexb\OneDrive\Área de Trabalho\Curso apache camel\integracao-arquivo\target\classes;C:\Users\alexb\.m2\repository\org\apache\camel\camel-core-engine\3.20.0\camel-core-engine-3.20.0.jar;C:\Users\alexb\.m2\repository\org\apache\camel\camel-api\3.20.0\camel-api-3.20.0.jar;C:\Users\alexb\.m2\repository\jakarta\xml\bind\jakarta.xml.bind-api\2.3.3\jakarta.xml.bind-api-2.3.3.jar;C:\Users\alexb\.m2\repository\jakarta\activation\jakarta.activation-api\1.2.2\jakarta.activation-api-1.2.2.jar;C:\Users\alexb\.m2\repository\org\apache\camel\camel-base-engine\3.20.0\camel-base-engine-3.20.0.jar;C:\Users\alexb\.m2\repository\org\apache\camel\camel-core-reifier\3.20.0\camel-core-reifier-3.20.0.jar;C:\Users\alexb\.m2\repository\org\apache\camel\camel-core-model\3.20.0\camel-core-model-3.20.0.jar;C:\Users\alexb\.m2\repository\org\apache\camel\camel-core-processor\3.20.0\camel-core-processor-3.20.0.jar;C:\Users\alexb\.m2\repository\org\apache\camel\camel-management-api\3.20.0\camel-management-api-3.20.0.jar;C:\Users\alexb\.m2\repository\org\apache\camel\camel-support\3.20.0\camel-support-3.20.0.jar;C:\Users\alexb\.m2\repository\org\apache\camel\camel-util\3.20.0\camel-util-3.20.0.jar;C:\Users\alexb\.m2\repository\org\apache\camel\camel-main\3.20.0\camel-main-3.20.0.jar;C:\Users\alexb\.m2\repository\org\apache\camel\camel-base\3.20.0\camel-base-3.20.0.jar;C:\Users\alexb\.m2\repository\org\apache\camel\camel-core-languages\3.20.0\camel-core-languages-3.20.0.jar;C:\Users\alexb\.m2\repository\org\apache\camel\camel-bean\3.20.0\camel-bean-3.20.0.jar;C:\Users\alexb\.m2\repository\org\apache\camel\camel-log\3.20.0\camel-log-3.20.0.jar;C:\Users\alexb\.m2\repository\org\apache\camel\camel-timer\3.20.0\camel-timer-3.20.0.jar;C:\Users\alexb\.m2\repository\org\apache\camel\camel-test-main-junit5\3.20.0\camel-test-main-junit5-3.20.0.jar;C:\Users\alexb\.m2\repository\org\apache\camel\camel-test-junit5\3.20.0\camel-test-junit5-3.20.0.jar;C:\Users\alexb\.m2\repository\org\apache\camel\camel-browse\3.20.0\camel-browse-3.20.0.jar;C:\Users\alexb\.m2\repository\org\apache\camel\camel-controlbus\3.20.0\camel-controlbus-3.20.0.jar;C:\Users\alexb\.m2\repository\org\apache\camel\camel-dataformat\3.20.0\camel-dataformat-3.20.0.jar;C:\Users\alexb\.m2\repository\org\apache\camel\camel-dataset\3.20.0\camel-dataset-3.20.0.jar;C:\Users\alexb\.m2\repository\org\apache\camel\camel-directvm\3.20.0\camel-directvm-3.20.0.jar;C:\Users\alexb\.m2\repository\org\apache\camel\camel-language\3.20.0\camel-language-3.20.0.jar;C:\Users\alexb\.m2\repository\org\apache\camel\camel-mock\3.20.0\camel-mock-3.20.0.jar;C:\Users\alexb\.m2\repository\org\apache\camel\camel-ref\3.20.0\camel-ref-3.20.0.jar;C:\Users\alexb\.m2\repository\org\apache\camel\camel-saga\3.20.0\camel-saga-3.20.0.jar;C:\Users\alexb\.m2\repository\org\apache\camel\camel-scheduler\3.20.0\camel-scheduler-3.20.0.jar;C:\Users\alexb\.m2\repository\org\apache\camel\camel-seda\3.20.0\camel-seda-3.20.0.jar;C:\Users\alexb\.m2\repository\org\apache\camel\camel-stub\3.20.0\camel-stub-3.20.0.jar;C:\Users\alexb\.m2\repository\org\apache\camel\camel-validator\3.20.0\camel-validator-3.20.0.jar;C:\Users\alexb\.m2\repository\org\apache\camel\camel-vm\3.20.0\camel-vm-3.20.0.jar;C:\Users\alexb\.m2\repository\org\apache\camel\camel-xslt\3.20.0\camel-xslt-3.20.0.jar;C:\Users\alexb\.m2\repository\org\junit\jupiter\junit-jupiter-api\5.9.1\junit-jupiter-api-5.9.1.jar;C:\Users\alexb\.m2\repository\org\opentest4j\opentest4j\1.2.0\opentest4j-1.2.0.jar;C:\Users\alexb\.m2\repository\org\junit\platform\junit-platform-commons\1.9.1\junit-platform-commons-1.9.1.jar;C:\Users\alexb\.m2\repository\org\apiguardian\apiguardian-api\1.1.2\apiguardian-api-1.1.2.jar;C:\Users\alexb\.m2\repository\org\junit\jupiter\junit-jupiter-engine\5.9.1\junit-jupiter-engine-5.9.1.jar;C:\Users\alexb\.m2\repository\org\junit\platform\junit-platform-engine\1.9.1\junit-platform-engine-1.9.1.jar;C:\Users\alexb\.m2\repository\org\junit\jupiter\junit-jupiter-params\5.9.1\junit-jupiter-params-5.9.1.jar;C:\Users\alexb\.m2\repository\org\apache\camel\camel-file\3.20.0\camel-file-3.20.0.jar;C:\Users\alexb\.m2\repository\org\apache\camel\camel-cluster\3.20.0\camel-cluster-3.20.0.jar;C:\Users\alexb\.m2\repository\org\apache\camel\camel-xpath\3.20.0\camel-xpath-3.20.0.jar;C:\Users\alexb\.m2\repository\org\apache\camel\camel-xml-jaxp\3.20.0\camel-xml-jaxp-3.20.0.jar;C:\Users\alexb\.m2\repository\org\apache\camel\camel-xml-io-util\3.20.0\camel-xml-io-util-3.20.0.jar;C:\Users\alexb\.m2\repository\org\apache\camel\camel-http\3.20.0\camel-http-3.20.0.jar;C:\Users\alexb\.m2\repository\org\apache\camel\camel-cloud\3.20.0\camel-cloud-3.20.0.jar;C:\Users\alexb\.m2\repository\org\apache\camel\camel-http-common\3.20.0\camel-http-common-3.20.0.jar;C:\Users\alexb\.m2\repository\org\apache\camel\camel-http-base\3.20.0\camel-http-base-3.20.0.jar;C:\Users\alexb\.m2\repository\org\apache\camel\camel-attachments\3.20.0\camel-attachments-3.20.0.jar;C:\Users\alexb\.m2\repository\com\sun\activation\javax.activation\1.2.0\javax.activation-1.2.0.jar;C:\Users\alexb\.m2\repository\javax\servlet\javax.servlet-api\3.1.0\javax.servlet-api-3.1.0.jar;C:\Users\alexb\.m2\repository\org\apache\httpcomponents\httpclient\4.5.13\httpclient-4.5.13.jar;C:\Users\alexb\.m2\repository\org\apache\httpcomponents\httpcore\4.4.13\httpcore-4.4.13.jar;C:\Users\alexb\.m2\repository\commons-logging\commons-logging\1.2\commons-logging-1.2.jar;C:\Users\alexb\.m2\repository\commons-codec\commons-codec\1.11\commons-codec-1.11.jar;C:\Users\alexb\.m2\repository\org\apache\logging\log4j\log4j-slf4j-impl\2.13.3\log4j-slf4j-impl-2.13.3.jar;C:\Users\alexb\.m2\repository\org\slf4j\slf4j-api\1.7.25\slf4j-api-1.7.25.jar;C:\Users\alexb\.m2\repository\org\apache\logging\log4j\log4j-api\2.13.3\log4j-api-2.13.3.jar;C:\Users\alexb\.m2\repository\org\apache\logging\log4j\log4j-core\2.13.3\log4j-core-2.13.3.jar;C:\Users\alexb\.m2\repository\org\apache\camel\camel-rest\3.20.0\camel-rest-3.20.0.jar;C:\Users\alexb\.m2\repository\org\apache\camel\camel-tooling-model\3.20.0\camel-tooling-model-3.20.0.jar;C:\Users\alexb\.m2\repository\org\apache\camel\camel-util-json\3.20.0\camel-util-json-3.20.0.jar;C:\Users\alexb\.m2\repository\org\apache\camel\camel-jetty\3.20.0\camel-jetty-3.20.0.jar;C:\Users\alexb\.m2\repository\org\apache\camel\camel-jetty-common\3.20.0\camel-jetty-common-3.20.0.jar;C:\Users\alexb\.m2\repository\org\eclipse\jetty\jetty-server\9.4.50.v20221201\jetty-server-9.4.50.v20221201.jar;C:\Users\alexb\.m2\repository\org\eclipse\jetty\jetty-http\9.4.50.v20221201\jetty-http-9.4.50.v20221201.jar;C:\Users\alexb\.m2\repository\org\eclipse\jetty\jetty-io\9.4.50.v20221201\jetty-io-9.4.50.v20221201.jar;C:\Users\alexb\.m2\repository\org\eclipse\jetty\jetty-servlet\9.4.50.v20221201\jetty-servlet-9.4.50.v20221201.jar;C:\Users\alexb\.m2\repository\org\eclipse\jetty\jetty-util-ajax\9.4.50.v20221201\jetty-util-ajax-9.4.50.v20221201.jar;C:\Users\alexb\.m2\repository\org\eclipse\jetty\jetty-security\9.4.50.v20221201\jetty-security-9.4.50.v20221201.jar;C:\Users\alexb\.m2\repository\org\eclipse\jetty\jetty-servlets\9.4.50.v20221201\jetty-servlets-9.4.50.v20221201.jar;C:\Users\alexb\.m2\repository\org\eclipse\jetty\jetty-continuation\9.4.50.v20221201\jetty-continuation-9.4.50.v20221201.jar;C:\Users\alexb\.m2\repository\org\eclipse\jetty\jetty-client\9.4.50.v20221201\jetty-client-9.4.50.v20221201.jar;C:\Users\alexb\.m2\repository\org\eclipse\jetty\jetty-jmx\9.4.50.v20221201\jetty-jmx-9.4.50.v20221201.jar;C:\Users\alexb\.m2\repository\org\eclipse\jetty\jetty-util\9.4.50.v20221201\jetty-util-9.4.50.v20221201.jar;C:\Users\alexb\.m2\repository\org\apache\camel\springboot\camel-direct-starter\3.20.0\camel-direct-starter-3.20.0.jar;C:\Users\alexb\.m2\repository\org\springframework\boot\spring-boot-starter\2.7.6\spring-boot-starter-2.7.6.jar;C:\Users\alexb\.m2\repository\org\springframework\boot\spring-boot\2.7.6\spring-boot-2.7.6.jar;C:\Users\alexb\.m2\repository\org\springframework\spring-context\5.3.24\spring-context-5.3.24.jar;C:\Users\alexb\.m2\repository\org\springframework\spring-aop\5.3.24\spring-aop-5.3.24.jar;C:\Users\alexb\.m2\repository\org\springframework\spring-beans\5.3.24\spring-beans-5.3.24.jar;C:\Users\alexb\.m2\repository\org\springframework\spring-expression\5.3.24\spring-expression-5.3.24.jar;C:\Users\alexb\.m2\repository\org\springframework\boot\spring-boot-autoconfigure\2.7.6\spring-boot-autoconfigure-2.7.6.jar;C:\Users\alexb\.m2\repository\org\springframework\boot\spring-boot-starter-logging\2.7.6\spring-boot-starter-logging-2.7.6.jar;C:\Users\alexb\.m2\repository\ch\qos\logback\logback-classic\1.2.11\logback-classic-1.2.11.jar;C:\Users\alexb\.m2\repository\ch\qos\logback\logback-core\1.2.11\logback-core-1.2.11.jar;C:\Users\alexb\.m2\repository\org\apache\logging\log4j\log4j-to-slf4j\2.17.2\log4j-to-slf4j-2.17.2.jar;C:\Users\alexb\.m2\repository\org\slf4j\jul-to-slf4j\1.7.36\jul-to-slf4j-1.7.36.jar;C:\Users\alexb\.m2\repository\jakarta\annotation\jakarta.annotation-api\1.3.5\jakarta.annotation-api-1.3.5.jar;C:\Users\alexb\.m2\repository\org\springframework\spring-core\5.3.24\spring-core-5.3.24.jar;C:\Users\alexb\.m2\repository\org\springframework\spring-jcl\5.3.24\spring-jcl-5.3.24.jar;C:\Users\alexb\.m2\repository\org\yaml\snakeyaml\1.30\snakeyaml-1.30.jar;C:\Users\alexb\.m2\repository\org\apache\camel\camel-direct\3.20.0\camel-direct-3.20.0.jar;C:\Users\alexb\.m2\repository\org\apache\camel\springboot\camel-core-starter\3.20.0\camel-core-starter-3.20.0.jar;C:\Users\alexb\.m2\repository\org\apache\camel\springboot\camel-spring-boot\3.20.0\camel-spring-boot-3.20.0.jar;C:\Users\alexb\.m2\repository\org\apache\camel\camel-spring\3.20.0\camel-spring-3.20.0.jar;C:\Users\alexb\.m2\repository\org\springframework\spring-tx\5.3.24\spring-tx-5.3.24.jar;C:\Users\alexb\.m2\repository\org\apache\camel\camel-spring-main\3.20.0\camel-spring-main-3.20.0.jar;C:\Users\alexb\.m2\repository\org\apache\camel\camel-xml-jaxb-dsl\3.20.0\camel-xml-jaxb-dsl-3.20.0.jar;C:\Users\alexb\.m2\repository\org\apache\camel\camel-xml-jaxb\3.20.0\camel-xml-jaxb-3.20.0.jar;C:\Users\alexb\.m2\repository\com\sun\xml\bind\jaxb-core\2.3.0\jaxb-core-2.3.0.jar;C:\Users\alexb\.m2\repository\com\sun\xml\bind\jaxb-impl\2.3.3\jaxb-impl-2.3.3.jar;C:\Users\alexb\.m2\repository\com\sun\activation\jakarta.activation\1.2.2\jakarta.activation-1.2.2.jar;C:\Users\alexb\.m2\repository\org\apache\camel\camel-dsl-support\3.20.0\camel-dsl-support-3.20.0.jar;C:\Users\alexb\.m2\repository\org\apache\camel\camel-spring-xml\3.20.0\camel-spring-xml-3.20.0.jar;C:\Users\alexb\.m2\repository\org\apache\camel\camel-core-xml\3.20.0\camel-core-xml-3.20.0.jar;C:\Users\alexb\.m2\repository\javax\annotation\javax.annotation-api\1.3.2\javax.annotation-api-1.3.2.jar;C:\Users\alexb\.m2\repository\org\apache\camel\camel-health\3.20.0\camel-health-3.20.0.jar;"/>
    <property name="sun.cpu.endian" value="little"/>
    <property name="user.home" value="C:\Users\alexb"/>
    <property name="user.language" value="pt"/>
    <property name="java.specification.vendor" value="Oracle Corporation"/>
    <property name="java.version.date" value="2022-10-18"/>
    <property name="java.home" value="C:\SpringToolSuite\sts-4.17.0.RELEASE\plugins\org.eclipse.justj.openjdk.hotspot.jre.full.win32.x86_64_17.0.5.v20221102-0933\jre"/>
    <property name="file.separator" value="\"/>
    <property name="style.color" value="always"/>
    <property name="basedir" value="C:\Users\alexb\OneDrive\Área de Trabalho\Curso apache camel\integracao-arquivo"/>
    <property name="java.vm.compressedOopsMode" value="Zero based"/>
    <property name="line.separator" value="&#10;"/>
    <property name="java.vm.specification.vendor" value="Oracle Corporation"/>
    <property name="java.specification.name" value="Java Platform API Specification"/>
    <property name="surefire.real.class.path" value="C:\Users\alexb\AppData\Local\Temp\surefire10489819378693814561\surefirebooter2190037636748322738.jar"/>
    <property name="user.script" value=""/>
    <property name="sun.management.compiler" value="HotSpot 64-Bit Tiered Compilers"/>
    <property name="java.runtime.version" value="17.0.5+8"/>
    <property name="user.name" value="alexb"/>
    <property name="path.separator" value=";"/>
    <property name="os.version" value="10.0"/>
    <property name="java.runtime.name" value="OpenJDK Runtime Environment"/>
    <property name="file.encoding" value="Cp1252"/>
    <property name="java.vm.name" value="OpenJDK 64-Bit Server VM"/>
    <property name="java.vendor.version" value="Temurin-17.0.5+8"/>
    <property name="localRepository" value="C:\Users\alexb\.m2\repository"/>
    <property name="java.vendor.url.bug" value="https://github.com/adoptium/adoptium-support/issues"/>
    <property name="java.io.tmpdir" value="C:\Users\alexb\AppData\Local\Temp\"/>
    <property name="java.version" value="17.0.5"/>
    <property name="user.dir" value="C:\Users\alexb\OneDrive\Área de Trabalho\Curso apache camel\integracao-arquivo"/>
    <property name="os.arch" value="amd64"/>
    <property name="java.vm.specification.name" value="Java Virtual Machine Specification"/>
    <property name="sun.os.patch.level" value=""/>
    <property name="native.encoding" value="Cp1252"/>
    <property name="java.library.path" value="C:\SpringToolSuite\sts-4.17.0.RELEASE\plugins\org.eclipse.justj.openjdk.hotspot.jre.full.win32.x86_64_17.0.5.v20221102-0933\jre\bin;C:\Windows\Sun\Java\bin;C:\Windows\system32;C:\Windows;C:/SpringToolSuite/sts-4.17.0.RELEASE//plugins/org.eclipse.justj.openjdk.hotspot.jre.full.win32.x86_64_17.0.5.v20221102-0933/jre/bin/server;C:/SpringToolSuite/sts-4.17.0.RELEASE//plugins/org.eclipse.justj.openjdk.hotspot.jre.full.win32.x86_64_17.0.5.v20221102-0933/jre/bin;C:\Program Files\Common Files\Oracle\Java\javapath;C:\Program Files (x86)\Common Files\Oracle\Java\javapath;C:\Windows\system32;C:\Windows;C:\Windows\System32\Wbem;C:\Windows\System32\WindowsPowerShell\v1.0\;C:\Windows\System32\OpenSSH\;C:\Program Files\Git\cmd;C:\Program Files\nodejs\;C:\Program Files\PuTTY\;C:\Program Files\PowerShell\7\;C:\Users\alexb\AppData\Local\Programs\Python\Python311\Scripts\;C:\Users\alexb\AppData\Local\Programs\Python\Python311\;C:\Users\alexb\AppData\Local\Microsoft\WindowsApps;;C:\Users\alexb\AppData\Roaming\npm;C:\Users\alexb\AppData\Local\Programs\Microsoft VS Code\bin;C:\SpringToolSuite\sts-4.17.0.RELEASE;;."/>
    <property name="java.vm.info" value="mixed mode"/>
    <property name="java.vendor" value="Eclipse Adoptium"/>
    <property name="java.vm.version" value="17.0.5+8"/>
    <property name="sun.io.unicode.encoding" value="UnicodeLittle"/>
    <property name="java.class.version" value="61.0"/>
  </properties>
  <testcase name="should_complete_the_auto_detected_route" classname="org.acme.integracaoarquivo.MyApplicationTest" time="0.019">
    <error type="java.lang.ExceptionInInitializerError"><![CDATA[java.lang.ExceptionInInitializerError
Caused by: org.apache.logging.log4j.LoggingException: log4j-slf4j-impl cannot be present with log4j-to-slf4j
]]></error>
    <system-err><![CDATA[SLF4J: Class path contains multiple SLF4J bindings.
SLF4J: Found binding in [jar:file:/C:/Users/alexb/.m2/repository/org/apache/logging/log4j/log4j-slf4j-impl/2.13.3/log4j-slf4j-impl-2.13.3.jar!/org/slf4j/impl/StaticLoggerBinder.class]
SLF4J: Found binding in [jar:file:/C:/Users/alexb/.m2/repository/ch/qos/logback/logback-classic/1.2.11/logback-classic-1.2.11.jar!/org/slf4j/impl/StaticLoggerBinder.class]
SLF4J: See http://www.slf4j.org/codes.html#multiple_bindings for an explanation.
SLF4J: Actual binding is of type [org.apache.logging.slf4j.Log4jLoggerFactory]
]]></system-err>
  </testcase>
</testsuite>